<?xml version="1.0" encoding="UTF-8"?>
<!-- Generated by org.testng.reporters.JUnitReportReporter -->
<testsuite skipped="0" hostname="DESKTOP-MLSVDKD" name="testCases.TC_002_Login" tests="1" failures="0" timestamp="2022-02-22T15:37:31 IST" time="5.875" errors="0">
  <testcase name="test_login" time="5.875" classname="testCases.TC_002_Login"/>
  <system-out/>
</testsuite> <!-- testCases.TC_002_Login -->
