<?xml version="1.0" encoding="UTF-8"?>
<!-- Generated by org.testng.reporters.JUnitReportReporter -->
<testsuite skipped="0" hostname="DESKTOP-MLSVDKD" name="testCases.TC_Login" tests="1" failures="0" timestamp="2022-02-17T18:35:34 IST" time="4.257" errors="0">
  <testcase name="test_account_register" time="4.257" classname="testCases.TC_Login"/>
  <system-out/>
</testsuite> <!-- testCases.TC_Login -->
