<?xml version="1.0" encoding="UTF-8"?>
<!-- Generated by org.testng.reporters.JUnitReportReporter -->
<testsuite skipped="0" hostname="DESKTOP-MLSVDKD" name="testCases.TC_001_AccountRegistration" tests="1" failures="0" timestamp="2022-02-22T15:37:31 IST" time="4.308" errors="0">
  <testcase name="test_account_register" time="4.308" classname="testCases.TC_001_AccountRegistration"/>
  <system-out/>
</testsuite> <!-- testCases.TC_001_AccountRegistration -->
